<?xml version="1.0" encoding="UTF-8"?>
<testng-results skipped="0" failed="0" ignored="0" total="1" passed="1">
  <reporter-output>
  </reporter-output>
  <suite name="Default suite" duration-ms="23318" started-at="2020-01-05T12:08:06 EST" finished-at="2020-01-05T12:08:29 EST">
    <groups>
    </groups>
    <test name="Default test" duration-ms="23318" started-at="2020-01-05T12:08:06 EST" finished-at="2020-01-05T12:08:29 EST">
      <class name="kdf.Application">
        <test-method status="PASS" signature="verifyInvalidCredentials()[pri:0, instance:kdf.Application@3a5ed7a6]" name="verifyInvalidCredentials" duration-ms="23269" started-at="2020-01-05T12:08:06 EST" finished-at="2020-01-05T12:08:29 EST">
          <reporter-output>
          </reporter-output>
        </test-method> <!-- verifyInvalidCredentials -->
      </class> <!-- kdf.Application -->
    </test> <!-- Default test -->
  </suite> <!-- Default suite -->
</testng-results>
